<?xml version="1.0" encoding="UTF-8"?>
<!-- Generated by org.testng.reporters.JUnitReportReporter -->
<testsuite name="com.RestAssured.RestAssuredtest" tests="6" time="6.129" ignored="0" failures="0" timestamp="21 May 2017 21:02:15 GMT" skipped="0" hostname="CTSTX34526" errors="0">
  <testcase name="fifthTest" time="4.600" classname="com.RestAssured.RestAssuredtest"/>
  <testcase name="thirdTest" time="0.201" classname="com.RestAssured.RestAssuredtest"/>
  <testcase name="fourthTest" time="0.147" classname="com.RestAssured.RestAssuredtest"/>
  <testcase name="secondTest" time="0.139" classname="com.RestAssured.RestAssuredtest"/>
  <testcase name="firstTest" time="0.756" classname="com.RestAssured.RestAssuredtest"/>
  <testcase name="sixthTest" time="0.286" classname="com.RestAssured.RestAssuredtest"/>
</testsuite> <!-- com.RestAssured.RestAssuredtest -->
